\BOOKMARK [1][-]{section.1}{\376\377\000U\000s\000e\000-\000C\000a\000s\000e\000-\000M\000o\000d\000e\000l\000l}{}% 1
\BOOKMARK [2][-]{subsection.1.1}{\376\377\000P\000d\000f\000-\000G\000e\000n\000e\000r\000i\000e\000r\000e\000n}{section.1}% 2
\BOOKMARK [2][-]{subsection.1.2}{\376\377\000N\000e\000b\000e\000n\000w\000i\000r\000k\000u\000n\000g\000\040\000i\000n\000s\000\040\000J\000o\000u\000r\000n\000a\000l\000\040\000e\000i\000n\000g\000e\000b\000e\000n\000\040}{section.1}% 3
\BOOKMARK [2][-]{subsection.1.3}{\376\377\000M\000e\000d\000i\000k\000a\000m\000e\000n\000t\000\040\000e\000i\000n\000g\000e\000b\000e\000n}{section.1}% 4
\BOOKMARK [2][-]{subsection.1.4}{\376\377\000T\000\344\000g\000l\000i\000c\000h\000e\000\040\000S\000t\000i\000m\000m\000u\000n\000g\000\040\000e\000i\000n\000g\000e\000b\000e\000n\000\040}{section.1}% 5
\BOOKMARK [2][-]{subsection.1.5}{\376\377\000\040\000W\000o\000c\000h\000e\000n\000z\000i\000e\000l\000\040\000e\000i\000n\000g\000e\000b\000e\000n\000\040}{section.1}% 6
\BOOKMARK [1][-]{section.2}{\376\377\000Z\000u\000s\000\344\000t\000z\000l\000i\000c\000h\000e\000\040\000A\000n\000f\000o\000r\000d\000e\000r\000u\000n\000g\000e\000n}{}% 7
\BOOKMARK [2][-]{subsection.2.1}{\376\377\000S\000c\000h\000l\000i\000c\000h\000t\000e\000s\000\040\000G\000U\000I\000-\000D\000e\000s\000i\000g\000n}{section.2}% 8
\BOOKMARK [2][-]{subsection.2.2}{\376\377\000V\000e\000r\000b\000i\000n\000d\000u\000n\000g\000s\000a\000u\000f\000b\000a\000u\000\040\000z\000u\000r\000\040\000D\000a\000t\000e\000n\000b\000a\000n\000k}{section.2}% 9
\BOOKMARK [2][-]{subsection.2.3}{\376\377\000S\000e\000r\000v\000e\000r\000\040\000S\000t\000a\000n\000d\000o\000r\000t}{section.2}% 10
\BOOKMARK [1][-]{section.3}{\376\377\000D\000o\000m\000\344\000n\000e\000n\000m\000o\000d\000e\000l\000l}{}% 11
\BOOKMARK [1][-]{section.4}{\376\377\000S\000o\000f\000t\000w\000a\000r\000e\000a\000r\000c\000h\000i\000t\000e\000k\000t\000u\000r}{}% 12
\BOOKMARK [1][-]{section.5}{\376\377\000D\000e\000s\000i\000g\000n\000-\000A\000r\000t\000e\000f\000a\000k\000t\000e}{}% 13
\BOOKMARK [1][-]{section.6}{\376\377\000I\000m\000p\000l\000e\000m\000e\000n\000t\000a\000t\000i\000o\000n}{}% 14
\BOOKMARK [1][-]{section.7}{\376\377\000P\000r\000o\000j\000e\000k\000t\000m\000a\000n\000a\000g\000e\000m\000e\000n\000t}{}% 15
\BOOKMARK [1][-]{section*.2}{\376\377\000G\000l\000o\000s\000s\000a\000r}{}% 16
\BOOKMARK [1][-]{section.8}{\376\377\000H\000o\000w\000T\000o\000L\000a\000t\000e\000x}{}% 17
\BOOKMARK [2][-]{subsection.8.1}{\376\377\000A\000u\000f\000z\000\344\000h\000l\000u\000n\000g}{section.8}% 18
\BOOKMARK [2][-]{subsection.8.2}{\376\377\000F\000o\000r\000m\000e\000l}{section.8}% 19
\BOOKMARK [2][-]{subsection.8.3}{\376\377\000T\000a\000b\000e\000l\000l\000e}{section.8}% 20
\BOOKMARK [2][-]{subsection.8.4}{\376\377\000B\000i\000l\000d\000e\000r}{section.8}% 21
